  [1m[36mActiveRecord::InternalMetadata Load (5.5ms)[0m  [1m[34mSELECT * FROM "ar_internal_metadata" WHERE "ar_internal_metadata"."key" = 'environment' ORDER BY "ar_internal_metadata"."key" ASC LIMIT 1 /*application='MiApi'*/[0m
  [1m[36mActiveRecord::SchemaMigration Load (1.3ms)[0m  [1m[34mSELECT "schema_migrations"."version" FROM "schema_migrations" ORDER BY "schema_migrations"."version" ASC /*application='MiApi'*/[0m
Migrating to CreateCars (20250218153901)
  [1m[36mTRANSACTION (0.9ms)[0m  [1m[35mBEGIN immediate TRANSACTION /*application='MiApi'*/[0m
  [1m[35m (4.0ms)[0m  [1m[35mCREATE TABLE "cars" ("id" integer PRIMARY KEY AUTOINCREMENT NOT NULL, "placa" varchar, "modelo" integer, "created_at" datetime(6) NOT NULL, "updated_at" datetime(6) NOT NULL) /*application='MiApi'*/[0m
  [1m[36mActiveRecord::SchemaMigration Create (0.3ms)[0m  [1m[32mINSERT INTO "schema_migrations" ("version") VALUES ('20250218153901') RETURNING "version" /*application='MiApi'*/[0m
  [1m[36mTRANSACTION (15.7ms)[0m  [1m[35mCOMMIT TRANSACTION /*application='MiApi'*/[0m
  [1m[36mActiveRecord::SchemaMigration Load (0.5ms)[0m  [1m[34mSELECT "schema_migrations"."version" FROM "schema_migrations" ORDER BY "schema_migrations"."version" ASC /*application='MiApi'*/[0m
  [1m[36mTRANSACTION (2.4ms)[0m  [1m[35mBEGIN immediate TRANSACTION /*application='MiApi'*/[0m
  [1m[36mCar Create (9.6ms)[0m  [1m[32mINSERT INTO "cars" ("placa", "modelo", "created_at", "updated_at") VALUES ('fmd871', 1998, '2025-02-18 15:42:00.564019', '2025-02-18 15:42:00.564019') RETURNING "id" /*application='MiApi'*/[0m
  [1m[36mTRANSACTION (14.0ms)[0m  [1m[35mCOMMIT TRANSACTION /*application='MiApi'*/[0m
  [1m[36mCar Load (4.3ms)[0m  [1m[34mSELECT "cars".* FROM "cars" /* loading for pp */ LIMIT 11 /*application='MiApi'*/[0m
  [1m[36mActiveRecord::InternalMetadata Load (8.4ms)[0m  [1m[34mSELECT * FROM "ar_internal_metadata" WHERE "ar_internal_metadata"."key" = 'environment' ORDER BY "ar_internal_metadata"."key" ASC LIMIT 1 /*application='MiApi'*/[0m
  [1m[36mActiveRecord::SchemaMigration Load (1.1ms)[0m  [1m[34mSELECT "schema_migrations"."version" FROM "schema_migrations" ORDER BY "schema_migrations"."version" ASC /*application='MiApi'*/[0m
Migrating to CreatePersonas (20250219033843)
  [1m[36mTRANSACTION (2.0ms)[0m  [1m[35mBEGIN immediate TRANSACTION /*application='MiApi'*/[0m
  [1m[35m (6.7ms)[0m  [1m[35mCREATE TABLE "personas" ("id" integer PRIMARY KEY AUTOINCREMENT NOT NULL, "nombre" varchar, "edad" integer, "created_at" datetime(6) NOT NULL, "updated_at" datetime(6) NOT NULL) /*application='MiApi'*/[0m
  [1m[36mTRANSACTION (2.4ms)[0m  [1m[31mROLLBACK TRANSACTION /*application='MiApi'*/[0m
  [1m[36mTRANSACTION (2.4ms)[0m  [1m[35mBEGIN immediate TRANSACTION /*application='MiApi'*/[0m
  [1m[36mCar Create (6.9ms)[0m  [1m[32mINSERT INTO "cars" ("placa", "modelo", "created_at", "updated_at") VALUES ('3456', 1990, '2025-02-19 03:40:55.822500', '2025-02-19 03:40:55.822500') RETURNING "id" /*application='MiApi'*/[0m
  [1m[36mTRANSACTION (111.4ms)[0m  [1m[35mCOMMIT TRANSACTION /*application='MiApi'*/[0m
  [1m[36mCar Load (2.6ms)[0m  [1m[34mSELECT "cars".* FROM "cars" /* loading for pp */ LIMIT 11 /*application='MiApi'*/[0m
  [1m[36mCar Load (2.6ms)[0m  [1m[34mSELECT "cars".* FROM "cars" WHERE "cars"."id" = 2 LIMIT 1 /*application='MiApi'*/[0m
  [1m[36mCar Load (1.7ms)[0m  [1m[34mSELECT "cars".* FROM "cars" WHERE "cars"."id" = 2 LIMIT 1 /*application='MiApi'*/[0m
  [1m[36mTRANSACTION (1.2ms)[0m  [1m[35mBEGIN immediate TRANSACTION /*application='MiApi'*/[0m
  [1m[36mCar Destroy (3.1ms)[0m  [1m[31mDELETE FROM "cars" WHERE "cars"."id" = 2 /*application='MiApi'*/[0m
  [1m[36mTRANSACTION (1.8ms)[0m  [1m[35mCOMMIT TRANSACTION /*application='MiApi'*/[0m
  [1m[36mCar Load (123.8ms)[0m  [1m[34mSELECT "cars".* FROM "cars" /* loading for pp */ LIMIT 11 /*application='MiApi'*/[0m
  [1m[36mActiveRecord::SchemaMigration Load (3.0ms)[0m  [1m[34mSELECT "schema_migrations"."version" FROM "schema_migrations" ORDER BY "schema_migrations"."version" ASC /*application='MiApi'*/[0m
  [1m[36mActiveRecord::SchemaMigration Load (0.8ms)[0m  [1m[34mSELECT "schema_migrations"."version" FROM "schema_migrations" ORDER BY "schema_migrations"."version" ASC /*application='MiApi'*/[0m
  [1m[36mActiveRecord::SchemaMigration Load (0.8ms)[0m  [1m[34mSELECT "schema_migrations"."version" FROM "schema_migrations" ORDER BY "schema_migrations"."version" ASC /*application='MiApi'*/[0m
  [1m[36mActiveRecord::SchemaMigration Load (0.8ms)[0m  [1m[34mSELECT "schema_migrations"."version" FROM "schema_migrations" ORDER BY "schema_migrations"."version" ASC /*application='MiApi'*/[0m
Migrating to CreateCars (20250218153901)
  [1m[36mTRANSACTION (1.4ms)[0m  [1m[35mBEGIN immediate TRANSACTION /*application='MiApi'*/[0m
  [1m[35m (10.3ms)[0m  [1m[35mDROP TABLE "cars" /*application='MiApi'*/[0m
  [1m[36mActiveRecord::SchemaMigration Destroy (0.1ms)[0m  [1m[31mDELETE FROM "schema_migrations" WHERE "schema_migrations"."version" = '20250218153901' /*application='MiApi'*/[0m
  [1m[36mTRANSACTION (16.7ms)[0m  [1m[35mCOMMIT TRANSACTION /*application='MiApi'*/[0m
  [1m[36mActiveRecord::SchemaMigration Load (0.6ms)[0m  [1m[34mSELECT "schema_migrations"."version" FROM "schema_migrations" ORDER BY "schema_migrations"."version" ASC /*application='MiApi'*/[0m
  [1m[36mActiveRecord::InternalMetadata Load (2.6ms)[0m  [1m[34mSELECT * FROM "ar_internal_metadata" WHERE "ar_internal_metadata"."key" = 'environment' ORDER BY "ar_internal_metadata"."key" ASC LIMIT 1 /*application='MiApi'*/[0m
  [1m[36mActiveRecord::SchemaMigration Load (0.7ms)[0m  [1m[34mSELECT "schema_migrations"."version" FROM "schema_migrations" ORDER BY "schema_migrations"."version" ASC /*application='MiApi'*/[0m
Migrating to CreatePersonas (20250225020414)
  [1m[36mTRANSACTION (1.3ms)[0m  [1m[35mBEGIN immediate TRANSACTION /*application='MiApi'*/[0m
  [1m[35m (5.2ms)[0m  [1m[35mCREATE TABLE "personas" ("id" integer PRIMARY KEY AUTOINCREMENT NOT NULL, "nombre" varchar, "apellido" varchar, "edad" integer, "created_at" datetime(6) NOT NULL, "updated_at" datetime(6) NOT NULL) /*application='MiApi'*/[0m
  [1m[36mTRANSACTION (1.8ms)[0m  [1m[31mROLLBACK TRANSACTION /*application='MiApi'*/[0m
  [1m[36mActiveRecord::InternalMetadata Load (5.3ms)[0m  [1m[34mSELECT * FROM "ar_internal_metadata" WHERE "ar_internal_metadata"."key" = 'environment' ORDER BY "ar_internal_metadata"."key" ASC LIMIT 1 /*application='MiApi'*/[0m
  [1m[36mActiveRecord::SchemaMigration Load (0.9ms)[0m  [1m[34mSELECT "schema_migrations"."version" FROM "schema_migrations" ORDER BY "schema_migrations"."version" ASC /*application='MiApi'*/[0m
Migrating to CreatePersonas (20250225020414)
  [1m[36mTRANSACTION (0.9ms)[0m  [1m[35mBEGIN immediate TRANSACTION /*application='MiApi'*/[0m
  [1m[35m (4.3ms)[0m  [1m[35mCREATE TABLE "personas" ("id" integer PRIMARY KEY AUTOINCREMENT NOT NULL, "nombre" varchar, "apellido" varchar, "edad" integer, "created_at" datetime(6) NOT NULL, "updated_at" datetime(6) NOT NULL) /*application='MiApi'*/[0m
  [1m[36mTRANSACTION (0.5ms)[0m  [1m[31mROLLBACK TRANSACTION /*application='MiApi'*/[0m
  [1m[36mActiveRecord::InternalMetadata Load (3.1ms)[0m  [1m[34mSELECT * FROM "ar_internal_metadata" WHERE "ar_internal_metadata"."key" = 'environment' ORDER BY "ar_internal_metadata"."key" ASC LIMIT 1 /*application='MiApi'*/[0m
  [1m[36mActiveRecord::SchemaMigration Load (0.9ms)[0m  [1m[34mSELECT "schema_migrations"."version" FROM "schema_migrations" ORDER BY "schema_migrations"."version" ASC /*application='MiApi'*/[0m
Migrating to CreatePersonas (20250225020414)
  [1m[36mTRANSACTION (1.0ms)[0m  [1m[35mBEGIN immediate TRANSACTION /*application='MiApi'*/[0m
  [1m[35m (4.6ms)[0m  [1m[35mCREATE TABLE "personas" ("id" integer PRIMARY KEY AUTOINCREMENT NOT NULL, "nombre" varchar, "apellido" varchar, "edad" integer, "created_at" datetime(6) NOT NULL, "updated_at" datetime(6) NOT NULL) /*application='MiApi'*/[0m
  [1m[36mTRANSACTION (0.6ms)[0m  [1m[31mROLLBACK TRANSACTION /*application='MiApi'*/[0m
  [1m[36mActiveRecord::InternalMetadata Load (3.6ms)[0m  [1m[34mSELECT * FROM "ar_internal_metadata" WHERE "ar_internal_metadata"."key" = 'environment' ORDER BY "ar_internal_metadata"."key" ASC LIMIT 1 /*application='MiApi'*/[0m
  [1m[36mActiveRecord::SchemaMigration Load (1.2ms)[0m  [1m[34mSELECT "schema_migrations"."version" FROM "schema_migrations" ORDER BY "schema_migrations"."version" ASC /*application='MiApi'*/[0m
Migrating to CreatePersonas (20250225020414)
  [1m[36mTRANSACTION (1.1ms)[0m  [1m[35mBEGIN immediate TRANSACTION /*application='MiApi'*/[0m
  [1m[35m (4.6ms)[0m  [1m[35mCREATE TABLE "personas" ("id" integer PRIMARY KEY AUTOINCREMENT NOT NULL, "nombre" varchar, "apellido" varchar, "edad" integer, "created_at" datetime(6) NOT NULL, "updated_at" datetime(6) NOT NULL) /*application='MiApi'*/[0m
  [1m[36mTRANSACTION (0.7ms)[0m  [1m[31mROLLBACK TRANSACTION /*application='MiApi'*/[0m
  [1m[36mActiveRecord::InternalMetadata Load (3.1ms)[0m  [1m[34mSELECT * FROM "ar_internal_metadata" WHERE "ar_internal_metadata"."key" = 'environment' ORDER BY "ar_internal_metadata"."key" ASC LIMIT 1 /*application='MiApi'*/[0m
  [1m[36mActiveRecord::SchemaMigration Load (0.8ms)[0m  [1m[34mSELECT "schema_migrations"."version" FROM "schema_migrations" ORDER BY "schema_migrations"."version" ASC /*application='MiApi'*/[0m
Migrating to CreatePersonas (20250225020414)
  [1m[36mTRANSACTION (1.0ms)[0m  [1m[35mBEGIN immediate TRANSACTION /*application='MiApi'*/[0m
  [1m[35m (4.4ms)[0m  [1m[35mCREATE TABLE "personas" ("id" integer PRIMARY KEY AUTOINCREMENT NOT NULL, "nombre" varchar, "apellido" varchar, "edad" integer, "created_at" datetime(6) NOT NULL, "updated_at" datetime(6) NOT NULL) /*application='MiApi'*/[0m
  [1m[36mTRANSACTION (0.5ms)[0m  [1m[31mROLLBACK TRANSACTION /*application='MiApi'*/[0m
  [1m[36mActiveRecord::InternalMetadata Load (2.7ms)[0m  [1m[34mSELECT * FROM "ar_internal_metadata" WHERE "ar_internal_metadata"."key" = 'environment' ORDER BY "ar_internal_metadata"."key" ASC LIMIT 1 /*application='MiApi'*/[0m
  [1m[36mActiveRecord::SchemaMigration Load (0.9ms)[0m  [1m[34mSELECT "schema_migrations"."version" FROM "schema_migrations" ORDER BY "schema_migrations"."version" ASC /*application='MiApi'*/[0m
Migrating to CreatePersonas (20250225020414)
  [1m[36mTRANSACTION (1.0ms)[0m  [1m[35mBEGIN immediate TRANSACTION /*application='MiApi'*/[0m
  [1m[35m (4.9ms)[0m  [1m[35mCREATE TABLE IF NOT EXISTS "personas" ("id" integer PRIMARY KEY AUTOINCREMENT NOT NULL, "nombre" varchar, "apellido" varchar, "edad" integer, "created_at" datetime(6) NOT NULL, "updated_at" datetime(6) NOT NULL) /*application='MiApi'*/[0m
  [1m[36mActiveRecord::SchemaMigration Create (0.7ms)[0m  [1m[32mINSERT INTO "schema_migrations" ("version") VALUES ('20250225020414') RETURNING "version" /*application='MiApi'*/[0m
  [1m[36mTRANSACTION (21.7ms)[0m  [1m[35mCOMMIT TRANSACTION /*application='MiApi'*/[0m
  [1m[36mActiveRecord::SchemaMigration Load (5.5ms)[0m  [1m[34mSELECT "schema_migrations"."version" FROM "schema_migrations" ORDER BY "schema_migrations"."version" ASC /*application='MiApi'*/[0m
  [1m[36mActiveRecord::SchemaMigration Load (6.3ms)[0m  [1m[34mSELECT "schema_migrations"."version" FROM "schema_migrations" ORDER BY "schema_migrations"."version" ASC /*application='MiApi'*/[0m
  [1m[36mActiveRecord::SchemaMigration Load (2.9ms)[0m  [1m[34mSELECT "schema_migrations"."version" FROM "schema_migrations" ORDER BY "schema_migrations"."version" ASC /*application='MiApi'*/[0m
  [1m[36mActiveRecord::SchemaMigration Load (1.0ms)[0m  [1m[34mSELECT "schema_migrations"."version" FROM "schema_migrations" ORDER BY "schema_migrations"."version" ASC /*application='MiApi'*/[0m
  [1m[36mActiveRecord::SchemaMigration Load (0.9ms)[0m  [1m[34mSELECT "schema_migrations"."version" FROM "schema_migrations" ORDER BY "schema_migrations"."version" ASC /*application='MiApi'*/[0m
Migrating to CreatePersonas (20250225020414)
  [1m[36mTRANSACTION (1.4ms)[0m  [1m[35mBEGIN immediate TRANSACTION /*application='MiApi'*/[0m
  [1m[35m (5.6ms)[0m  [1m[35mDROP TABLE "personas" /*application='MiApi'*/[0m
  [1m[36mActiveRecord::SchemaMigration Destroy (0.2ms)[0m  [1m[31mDELETE FROM "schema_migrations" WHERE "schema_migrations"."version" = '20250225020414' /*application='MiApi'*/[0m
  [1m[36mTRANSACTION (24.5ms)[0m  [1m[35mCOMMIT TRANSACTION /*application='MiApi'*/[0m
  [1m[36mActiveRecord::SchemaMigration Load (0.9ms)[0m  [1m[34mSELECT "schema_migrations"."version" FROM "schema_migrations" ORDER BY "schema_migrations"."version" ASC /*application='MiApi'*/[0m
  [1m[36mActiveRecord::InternalMetadata Load (2.8ms)[0m  [1m[34mSELECT * FROM "ar_internal_metadata" WHERE "ar_internal_metadata"."key" = 'environment' ORDER BY "ar_internal_metadata"."key" ASC LIMIT 1 /*application='MiApi'*/[0m
  [1m[36mActiveRecord::SchemaMigration Load (0.8ms)[0m  [1m[34mSELECT "schema_migrations"."version" FROM "schema_migrations" ORDER BY "schema_migrations"."version" ASC /*application='MiApi'*/[0m
Migrating to CreatePersonas (20250225020414)
  [1m[36mTRANSACTION (0.9ms)[0m  [1m[35mBEGIN immediate TRANSACTION /*application='MiApi'*/[0m
  [1m[35m (4.1ms)[0m  [1m[35mCREATE TABLE IF NOT EXISTS "personas" ("id" integer PRIMARY KEY AUTOINCREMENT NOT NULL, "nombre" varchar, "apellido" varchar, "edad" integer, "created_at" datetime(6) NOT NULL, "updated_at" datetime(6) NOT NULL) /*application='MiApi'*/[0m
  [1m[36mActiveRecord::SchemaMigration Create (0.2ms)[0m  [1m[32mINSERT INTO "schema_migrations" ("version") VALUES ('20250225020414') RETURNING "version" /*application='MiApi'*/[0m
  [1m[36mTRANSACTION (9.9ms)[0m  [1m[35mCOMMIT TRANSACTION /*application='MiApi'*/[0m
  [1m[36mActiveRecord::SchemaMigration Load (0.5ms)[0m  [1m[34mSELECT "schema_migrations"."version" FROM "schema_migrations" ORDER BY "schema_migrations"."version" ASC /*application='MiApi'*/[0m
  [1m[36mActiveRecord::SchemaMigration Load (3.2ms)[0m  [1m[34mSELECT "schema_migrations"."version" FROM "schema_migrations" ORDER BY "schema_migrations"."version" ASC /*application='MiApi'*/[0m
  [1m[36mActiveRecord::SchemaMigration Load (1.0ms)[0m  [1m[34mSELECT "schema_migrations"."version" FROM "schema_migrations" ORDER BY "schema_migrations"."version" ASC /*application='MiApi'*/[0m
  [1m[36mActiveRecord::SchemaMigration Load (0.8ms)[0m  [1m[34mSELECT "schema_migrations"."version" FROM "schema_migrations" ORDER BY "schema_migrations"."version" ASC /*application='MiApi'*/[0m
  [1m[36mActiveRecord::SchemaMigration Load (0.8ms)[0m  [1m[34mSELECT "schema_migrations"."version" FROM "schema_migrations" ORDER BY "schema_migrations"."version" ASC /*application='MiApi'*/[0m
Migrating to CreatePersonas (20250225020414)
  [1m[36mTRANSACTION (2.6ms)[0m  [1m[35mBEGIN immediate TRANSACTION /*application='MiApi'*/[0m
  [1m[35m (7.4ms)[0m  [1m[35mDROP TABLE "personas" /*application='MiApi'*/[0m
  [1m[36mActiveRecord::SchemaMigration Destroy (0.1ms)[0m  [1m[31mDELETE FROM "schema_migrations" WHERE "schema_migrations"."version" = '20250225020414' /*application='MiApi'*/[0m
  [1m[36mTRANSACTION (11.4ms)[0m  [1m[35mCOMMIT TRANSACTION /*application='MiApi'*/[0m
  [1m[36mActiveRecord::SchemaMigration Load (0.6ms)[0m  [1m[34mSELECT "schema_migrations"."version" FROM "schema_migrations" ORDER BY "schema_migrations"."version" ASC /*application='MiApi'*/[0m
  [1m[36mActiveRecord::InternalMetadata Load (3.1ms)[0m  [1m[34mSELECT * FROM "ar_internal_metadata" WHERE "ar_internal_metadata"."key" = 'environment' ORDER BY "ar_internal_metadata"."key" ASC LIMIT 1 /*application='MiApi'*/[0m
  [1m[36mActiveRecord::SchemaMigration Load (0.9ms)[0m  [1m[34mSELECT "schema_migrations"."version" FROM "schema_migrations" ORDER BY "schema_migrations"."version" ASC /*application='MiApi'*/[0m
Migrating to CreatePersonas (20250225020414)
  [1m[36mTRANSACTION (0.9ms)[0m  [1m[35mBEGIN immediate TRANSACTION /*application='MiApi'*/[0m
  [1m[35m (4.1ms)[0m  [1m[35mCREATE TABLE "personas" ("id" integer PRIMARY KEY AUTOINCREMENT NOT NULL, "nombre" varchar, "apellido" varchar, "edad" integer, "created_at" datetime(6) NOT NULL, "updated_at" datetime(6) NOT NULL) /*application='MiApi'*/[0m
  [1m[36mActiveRecord::SchemaMigration Create (0.2ms)[0m  [1m[32mINSERT INTO "schema_migrations" ("version") VALUES ('20250225020414') RETURNING "version" /*application='MiApi'*/[0m
  [1m[36mTRANSACTION (12.4ms)[0m  [1m[35mCOMMIT TRANSACTION /*application='MiApi'*/[0m
  [1m[36mActiveRecord::SchemaMigration Load (0.5ms)[0m  [1m[34mSELECT "schema_migrations"."version" FROM "schema_migrations" ORDER BY "schema_migrations"."version" ASC /*application='MiApi'*/[0m
  [1m[36mTRANSACTION (2.4ms)[0m  [1m[35mBEGIN immediate TRANSACTION /*application='MiApi'*/[0m
  [1m[36mPersona Create (9.2ms)[0m  [1m[32mINSERT INTO "personas" ("nombre", "apellido", "edad", "created_at", "updated_at") VALUES ('juan', 'caballero', 18, '2025-02-25 02:59:22.325860', '2025-02-25 02:59:22.325860') RETURNING "id" /*application='MiApi'*/[0m
  [1m[36mTRANSACTION (15.7ms)[0m  [1m[35mCOMMIT TRANSACTION /*application='MiApi'*/[0m
  [1m[36mPersona Load (1.5ms)[0m  [1m[34mSELECT "personas".* FROM "personas" /* loading for pp */ LIMIT 11 /*application='MiApi'*/[0m
  [1m[36mTRANSACTION (0.7ms)[0m  [1m[35mBEGIN immediate TRANSACTION /*application='MiApi'*/[0m
  [1m[36mPersona Create (2.1ms)[0m  [1m[32mINSERT INTO "personas" ("nombre", "apellido", "edad", "created_at", "updated_at") VALUES ('dani', 'sandobal', 18, '2025-02-25 03:00:38.882106', '2025-02-25 03:00:38.882106') RETURNING "id" /*application='MiApi'*/[0m
  [1m[36mTRANSACTION (1.9ms)[0m  [1m[35mCOMMIT TRANSACTION /*application='MiApi'*/[0m
  [1m[36mPersona Load (5.9ms)[0m  [1m[34mSELECT "personas".* FROM "personas" /* loading for pp */ LIMIT 11 /*application='MiApi'*/[0m
  [1m[36mTRANSACTION (0.6ms)[0m  [1m[35mBEGIN immediate TRANSACTION /*application='MiApi'*/[0m
  [1m[36mPersona Create (2.1ms)[0m  [1m[32mINSERT INTO "personas" ("nombre", "apellido", "edad", "created_at", "updated_at") VALUES ('pepito', 'rodrigues', 21, '2025-02-25 03:01:44.012656', '2025-02-25 03:01:44.012656') RETURNING "id" /*application='MiApi'*/[0m
  [1m[36mTRANSACTION (1.6ms)[0m  [1m[35mCOMMIT TRANSACTION /*application='MiApi'*/[0m
  [1m[36mPersona Load (3.7ms)[0m  [1m[34mSELECT "personas".* FROM "personas" /* loading for pp */ LIMIT 11 /*application='MiApi'*/[0m
Started GET "/personas" for 172.17.0.1 at 2025-02-25 03:08:00 +0000
  [1m[36mActiveRecord::SchemaMigration Load (3.5ms)[0m  [1m[34mSELECT "schema_migrations"."version" FROM "schema_migrations" ORDER BY "schema_migrations"."version" ASC /*application='MiApi'*/[0m
Processing by PersonasController#index as HTML
  [1m[36mPersona Load (38.3ms)[0m  [1m[34mSELECT "personas".* FROM "personas" /*action='index',application='MiApi',controller='personas'*/[0m
  ↳ app/controllers/personas_controller.rb:3:in `index'
Completed 200 OK in 409ms (Views: 22.0ms | ActiveRecord: 43.4ms (1 query, 0 cached) | GC: 15.3ms)


Started GET "/favicon.ico" for 172.17.0.1 at 2025-02-25 03:08:03 +0000
  
ActionController::RoutingError (No route matches [GET] "/favicon.ico"):
  
Started GET "/personas/1" for 172.17.0.1 at 2025-02-25 03:08:21 +0000
Processing by PersonasController#show as HTML
  Parameters: {"id"=>"1"}
  [1m[36mPersona Load (1.2ms)[0m  [1m[34mSELECT "personas".* FROM "personas" WHERE "personas"."id" = 1 LIMIT 1 /*action='show',application='MiApi',controller='personas'*/[0m
  ↳ app/controllers/personas_controller.rb:6:in `show'
Completed 200 OK in 34ms (Views: 0.5ms | ActiveRecord: 1.2ms (1 query, 0 cached) | GC: 0.0ms)


Started GET "/personas/2" for 172.17.0.1 at 2025-02-25 03:08:26 +0000
Processing by PersonasController#show as HTML
  Parameters: {"id"=>"2"}
  [1m[36mPersona Load (1.3ms)[0m  [1m[34mSELECT "personas".* FROM "personas" WHERE "personas"."id" = 2 LIMIT 1 /*action='show',application='MiApi',controller='personas'*/[0m
  ↳ app/controllers/personas_controller.rb:6:in `show'
Completed 200 OK in 6ms (Views: 0.4ms | ActiveRecord: 1.3ms (1 query, 0 cached) | GC: 0.0ms)


Started GET "/personas/3" for 172.17.0.1 at 2025-02-25 03:08:27 +0000
Processing by PersonasController#show as HTML
  Parameters: {"id"=>"3"}
  [1m[36mPersona Load (1.6ms)[0m  [1m[34mSELECT "personas".* FROM "personas" WHERE "personas"."id" = 3 LIMIT 1 /*action='show',application='MiApi',controller='personas'*/[0m
  ↳ app/controllers/personas_controller.rb:6:in `show'
Completed 200 OK in 9ms (Views: 2.1ms | ActiveRecord: 1.5ms (1 query, 0 cached) | GC: 0.0ms)


Started GET "/personas" for 172.17.0.1 at 2025-02-25 03:31:13 +0000
  [1m[36mActiveRecord::SchemaMigration Load (5.7ms)[0m  [1m[34mSELECT "schema_migrations"."version" FROM "schema_migrations" ORDER BY "schema_migrations"."version" ASC /*application='MiApi'*/[0m
Processing by PersonasController#index as HTML
  [1m[36mPersona Load (50.3ms)[0m  [1m[34mSELECT "personas".* FROM "personas" /*action='index',application='MiApi',controller='personas'*/[0m
  ↳ app/controllers/personas_controller.rb:3:in `index'
Completed 200 OK in 404ms (Views: 31.0ms | ActiveRecord: 56.5ms (1 query, 0 cached) | GC: 0.0ms)


Started GET "/personas/1" for 172.17.0.1 at 2025-02-25 03:31:22 +0000
Processing by PersonasController#show as HTML
  Parameters: {"id"=>"1"}
  [1m[36mPersona Load (1.3ms)[0m  [1m[34mSELECT "personas".* FROM "personas" WHERE "personas"."id" = 1 LIMIT 1 /*action='show',application='MiApi',controller='personas'*/[0m
  ↳ app/controllers/personas_controller.rb:6:in `show'
Completed 200 OK in 17ms (Views: 0.5ms | ActiveRecord: 1.3ms (1 query, 0 cached) | GC: 0.0ms)


Started GET "/personas/" for 172.17.0.1 at 2025-02-25 03:31:29 +0000
Processing by PersonasController#index as HTML
  [1m[36mPersona Load (2.4ms)[0m  [1m[34mSELECT "personas".* FROM "personas" /*action='index',application='MiApi',controller='personas'*/[0m
  ↳ app/controllers/personas_controller.rb:3:in `index'
Completed 200 OK in 7ms (Views: 4.8ms | ActiveRecord: 2.4ms (1 query, 0 cached) | GC: 0.0ms)


